<?xml version="1.0" encoding="UTF-8"?>
<!-- Generated by org.testng.reporters.JUnitXMLReporter -->
<testsuite ignored="1" hostname="DESKTOP-HMSSTKG" failures="0" tests="1" name="Test" time="26.653" errors="0" timestamp="2022-07-06T16:56:19 IST">
  <testcase classname="com.crm.comcast.contactTest.CreateContactAndDeleteTest" name="deleteContact" time="15.583"/>
  <testcase classname="com.crm.comcast.contactTest.CreateContactAndDeleteTest" name="CreateandDeleteContact" time="0.0">
    <ignored/>
  </testcase> <!-- CreateandDeleteContact -->
</testsuite> <!-- Test -->
