<?xml version="1.0" encoding="UTF-8"?>
<!-- Generated by org.testng.reporters.JUnitXMLReporter -->
<testsuite hostname="DESKTOP-HMSSTKG" ignored="0" name="Test" tests="3" failures="0" timestamp="2022-07-14T11:19:34 IST" time="0.056" errors="0">
  <testcase name="campaignName" time="0.006" classname="com.crm.campaign.CreateCampaign"/>
  <testcase name="doneAndDusted" time="0.001" classname="com.crm.campaign.CreateCampaign"/>
  <testcase name="ok" time="0.0" classname="com.crm.campaign.done_and_ok"/>
</testsuite> <!-- Test -->
